Arguments: 
  /home/lchiaratti/.nvm/versions/node/v14.16.1/bin/node /home/lchiaratti/.nvm/versions/node/v14.16.1/bin/yarn add ejs

PATH: 
  /home/lchiaratti/.nvm/versions/node/v14.16.1/bin:/home/lchiaratti/.zinit/polaris/bin:/usr/local/sbin:/usr/local/bin:/usr/sbin:/usr/bin:/sbin:/bin:/usr/games:/usr/local/games:/snap/bin:/home/lchiaratti/Android/Sdk/emulator:/home/lchiaratti/Android/Sdk/tools:/home/lchiaratti/Android/Sdk/tools/bin:/home/lchiaratti/Android/Sdk/platform-tools:/home/lchiaratti/Android/Sdk/emulator:/home/lchiaratti/Android/Sdk/tools:/home/lchiaratti/Android/Sdk/tools/bin:/home/lchiaratti/Android/Sdk/platform-tools:/home/lchiaratti/Android/Sdk/emulator:/home/lchiaratti/Android/Sdk/tools:/home/lchiaratti/Android/Sdk/tools/bin:/home/lchiaratti/Android/Sdk/platform-tools

Yarn version: 
  1.22.10

Node version: 
  14.16.1

Platform: 
  linux x64

Trace: 
  Error: getaddrinfo EAI_AGAIN registry.yarnpkg.com
      at GetAddrInfoReqWrap.onlookup [as oncomplete] (dns.js:67:26)

npm manifest: 
  {
    "name": "rocketq",
    "version": "1.0.0",
    "main": "index.js",
    "license": "MIT"
  }

yarn manifest: 
  No manifest

Lockfile: 
  # THIS IS AN AUTOGENERATED FILE. DO NOT EDIT THIS FILE DIRECTLY.
  # yarn lockfile v1
